<?xml version="1.0" encoding="UTF-8"?>
<!-- Generated by org.testng.reporters.JUnitXMLReporter -->
<testsuite ignored="0" hostname="Noor" failures="0" tests="7" name="Default test" time="10.22" errors="0" timestamp="2026-09-25T21:13:15 EET">
  <testcase classname="TestCaseAlmosafer" name="CheckTheEnglishLanguageIsDefault" time="0.095"/>
  <testcase classname="TestCaseAlmosafer" name="CheckTheDefaultCurrencyIsSAR" time="0.039"/>
  <testcase classname="TestCaseAlmosafer" name="CheckContactNumber" time="0.024"/>
  <testcase classname="TestCaseAlmosafer" name="CheckQitafLogo" time="0.047"/>
  <testcase classname="TestCaseAlmosafer" name="CheckDepatureDate" time="0.021"/>
  <testcase classname="TestCaseAlmosafer" name="CheckReturnDate" time="0.021"/>
  <testcase classname="TestCaseAlmosafer" name="RandomlyChangeThelanguage" time="5.928"/>
</testsuite> <!-- Default test -->
