<?xml version="1.0" encoding="UTF-8"?>
<!-- Generated by org.testng.reporters.JUnitXMLReporter -->
<testsuite ignored="0" hostname="Noor" failures="0" tests="8" name="Default test" time="12.374" errors="0" timestamp="2026-09-25T22:24:36 EET">
  <testcase classname="TestCaseAlmosafer" name="CheckTheEnglishLanguageIsDefault" time="0.099"/>
  <testcase classname="TestCaseAlmosafer" name="CheckTheDefaultCurrencyIsSAR" time="0.044"/>
  <testcase classname="TestCaseAlmosafer" name="CheckContactNumber" time="0.032"/>
  <testcase classname="TestCaseAlmosafer" name="CheckQitafLogo" time="0.076"/>
  <testcase classname="TestCaseAlmosafer" name="CheckDepatureDate" time="0.051"/>
  <testcase classname="TestCaseAlmosafer" name="CheckReturnDate" time="0.05"/>
  <testcase classname="TestCaseAlmosafer" name="RandomlyChangeThelanguage" time="7.734"/>
  <testcase classname="TestCaseAlmosafer" name="SwitchToHotelSearchTab" time="0.001"/>
</testsuite> <!-- Default test -->
