<?xml version="1.0" encoding="UTF-8"?>
<testng-results ignored="0" total="4" passed="4" failed="0" skipped="0">
  <reporter-output>
  </reporter-output>
  <suite started-at="2026-09-13T21:38:46 EET" name="Default suite" finished-at="2026-09-13T21:38:50 EET" duration-ms="3795">
    <groups>
    </groups>
    <test started-at="2026-09-13T21:38:46 EET" name="Default test" finished-at="2026-09-13T21:38:50 EET" duration-ms="3795">
      <class name="TestCaseAlmosafer">
        <test-method is-config="true" signature="MySetup()[pri:0, instance:TestCaseAlmosafer@2002348]" started-at="2026-09-13T21:38:46 EET" name="MySetup" finished-at="2026-09-13T21:38:49 EET" duration-ms="3637" status="PASS">
          <reporter-output>
          </reporter-output>
        </test-method> <!-- MySetup -->
        <test-method signature="CheckTheEnglishLanguageIsDefault()[pri:1, instance:TestCaseAlmosafer@2002348]" started-at="2026-09-13T21:38:49 EET" name="CheckTheEnglishLanguageIsDefault" finished-at="2026-09-13T21:38:49 EET" duration-ms="31" status="PASS">
          <reporter-output>
          </reporter-output>
        </test-method> <!-- CheckTheEnglishLanguageIsDefault -->
        <test-method signature="CheckTheDefaultCurrencyIsSAR()[pri:2, instance:TestCaseAlmosafer@2002348]" started-at="2026-09-13T21:38:49 EET" name="CheckTheDefaultCurrencyIsSAR" finished-at="2026-09-13T21:38:49 EET" duration-ms="30" status="PASS">
          <reporter-output>
          </reporter-output>
        </test-method> <!-- CheckTheDefaultCurrencyIsSAR -->
        <test-method signature="CheckContactNumber()[pri:3, instance:TestCaseAlmosafer@2002348]" started-at="2026-09-13T21:38:49 EET" name="CheckContactNumber" finished-at="2026-09-13T21:38:49 EET" duration-ms="22" status="PASS">
          <reporter-output>
          </reporter-output>
        </test-method> <!-- CheckContactNumber -->
        <test-method signature="CheckQitafLogo()[pri:4, instance:TestCaseAlmosafer@2002348]" started-at="2026-09-13T21:38:49 EET" name="CheckQitafLogo" finished-at="2026-09-13T21:38:49 EET" duration-ms="30" status="PASS">
          <reporter-output>
          </reporter-output>
        </test-method> <!-- CheckQitafLogo -->
        <test-method is-config="true" signature="SetUp()[pri:0, instance:TestCaseAlmosafer@2002348]" started-at="2026-09-13T21:38:49 EET" name="SetUp" finished-at="2026-09-13T21:38:49 EET" duration-ms="0" status="PASS">
          <reporter-output>
          </reporter-output>
        </test-method> <!-- SetUp -->
      </class> <!-- TestCaseAlmosafer -->
    </test> <!-- Default test -->
  </suite> <!-- Default suite -->
</testng-results>
