<?xml version="1.0" encoding="UTF-8"?>
<testng-results ignored="0" total="7" passed="7" failed="0" skipped="0">
  <reporter-output>
  </reporter-output>
  <suite started-at="2026-09-25T21:13:04 EET" name="Default suite" finished-at="2026-09-25T21:13:15 EET" duration-ms="10220">
    <groups>
    </groups>
    <test started-at="2026-09-25T21:13:04 EET" name="Default test" finished-at="2026-09-25T21:13:15 EET" duration-ms="10220">
      <class name="TestCaseAlmosafer">
        <test-method is-config="true" signature="MySetup()[pri:0, instance:TestCaseAlmosafer@61e94def]" started-at="2026-09-25T21:13:04 EET" name="MySetup" finished-at="2026-09-25T21:13:08 EET" duration-ms="3987" status="PASS">
          <reporter-output>
          </reporter-output>
        </test-method> <!-- MySetup -->
        <test-method signature="CheckTheEnglishLanguageIsDefault()[pri:1, instance:TestCaseAlmosafer@61e94def]" started-at="2026-09-25T21:13:08 EET" name="CheckTheEnglishLanguageIsDefault" finished-at="2026-09-25T21:13:09 EET" duration-ms="95" status="PASS">
          <reporter-output>
          </reporter-output>
        </test-method> <!-- CheckTheEnglishLanguageIsDefault -->
        <test-method signature="CheckTheDefaultCurrencyIsSAR()[pri:2, instance:TestCaseAlmosafer@61e94def]" started-at="2026-09-25T21:13:09 EET" name="CheckTheDefaultCurrencyIsSAR" finished-at="2026-09-25T21:13:09 EET" duration-ms="39" status="PASS">
          <reporter-output>
          </reporter-output>
        </test-method> <!-- CheckTheDefaultCurrencyIsSAR -->
        <test-method signature="CheckContactNumber()[pri:3, instance:TestCaseAlmosafer@61e94def]" started-at="2026-09-25T21:13:09 EET" name="CheckContactNumber" finished-at="2026-09-25T21:13:09 EET" duration-ms="24" status="PASS">
          <reporter-output>
          </reporter-output>
        </test-method> <!-- CheckContactNumber -->
        <test-method signature="CheckQitafLogo()[pri:4, instance:TestCaseAlmosafer@61e94def]" started-at="2026-09-25T21:13:09 EET" name="CheckQitafLogo" finished-at="2026-09-25T21:13:09 EET" duration-ms="47" status="PASS">
          <reporter-output>
          </reporter-output>
        </test-method> <!-- CheckQitafLogo -->
        <test-method signature="CheckDepatureDate()[pri:5, instance:TestCaseAlmosafer@61e94def]" started-at="2026-09-25T21:13:09 EET" name="CheckDepatureDate" finished-at="2026-09-25T21:13:09 EET" duration-ms="21" status="PASS">
          <reporter-output>
          </reporter-output>
        </test-method> <!-- CheckDepatureDate -->
        <test-method signature="CheckReturnDate()[pri:6, instance:TestCaseAlmosafer@61e94def]" started-at="2026-09-25T21:13:09 EET" name="CheckReturnDate" finished-at="2026-09-25T21:13:09 EET" duration-ms="21" status="PASS">
          <reporter-output>
          </reporter-output>
        </test-method> <!-- CheckReturnDate -->
        <test-method signature="RandomlyChangeThelanguage()[pri:7, instance:TestCaseAlmosafer@61e94def]" started-at="2026-09-25T21:13:09 EET" name="RandomlyChangeThelanguage" finished-at="2026-09-25T21:13:15 EET" duration-ms="5928" status="PASS">
          <reporter-output>
          </reporter-output>
        </test-method> <!-- RandomlyChangeThelanguage -->
        <test-method is-config="true" signature="SetUp()[pri:0, instance:TestCaseAlmosafer@61e94def]" started-at="2026-09-25T21:13:15 EET" name="SetUp" finished-at="2026-09-25T21:13:15 EET" duration-ms="1" status="PASS">
          <reporter-output>
          </reporter-output>
        </test-method> <!-- SetUp -->
      </class> <!-- TestCaseAlmosafer -->
    </test> <!-- Default test -->
  </suite> <!-- Default suite -->
</testng-results>
