<?xml version="1.0" encoding="UTF-8"?>
<!-- Generated by org.testng.reporters.JUnitReportReporter -->
<testsuite hostname="Noor" failures="0" tests="4" name="TestCaseAlmosafer" time="0.113" errors="0" timestamp="2026-09-13T21:38:50 EET" skipped="0">
  <testcase classname="TestCaseAlmosafer" name="CheckTheEnglishLanguageIsDefault" time="0.031"/>
  <testcase classname="TestCaseAlmosafer" name="CheckTheDefaultCurrencyIsSAR" time="0.030"/>
  <testcase classname="TestCaseAlmosafer" name="CheckContactNumber" time="0.022"/>
  <testcase classname="TestCaseAlmosafer" name="CheckQitafLogo" time="0.030"/>
</testsuite> <!-- TestCaseAlmosafer -->
